<?xml version="1.0" encoding="UTF-8"?>
<testsuite xmlns:xsi="http://www.w3.org/2001/XMLSchema-instance" xsi:noNamespaceSchemaLocation="https://maven.apache.org/surefire/maven-surefire-plugin/xsd/surefire-test-report-3.0.xsd" version="3.0" name="com.scheduling.api.appointment.controller.AppointmentControllerTest" time="5.31" tests="15" errors="0" skipped="0" failures="0">
  <properties>
[...]
</properties>
  <testcase name="confirm_asAdmin_returns200" classname="com.scheduling.api.appointment.controller.AppointmentControllerTest" time="0.414">
    <system-out><![CDATA[15:21:45.523 [main] INFO org.springframework.test.context.support.AnnotationConfigContextLoaderUtils -- Could not detect default configuration classes for test class [com.scheduling.api.appointment.controller.AppointmentControllerTest]: AppointmentControllerTest does not declare any static, non-private, non-final, nested classes annotated with @Configuration.
15:21:45.709 [main] INFO org.springframework.boot.test.context.SpringBootTestContextBootstrapper -- Found @SpringBootConfiguration com.scheduling.api.SchedulingApiApplication for test class com.scheduling.api.appointment.controller.AppointmentControllerTest
  .   ____          _            __ _ _
 /\\ / ___'_ __ _ _(_)_ __  __ _ \ \ \ \
( ( )\___ | '_ | '_| | '_ \/ _` | \ \ \ \
 \\/  ___)| |_)| | | | | || (_| |  ) ) ) )
  '  |____| .__|_| |_|_| |_\__, | / / / /
 =========|_|==============|___/=/_/_/_/

 :: Spring Boot ::                (v3.3.0)

2026-05-24T15:21:46.182-03:00  INFO 11612 --- [scheduling-api] [           main] c.s.a.a.c.AppointmentControllerTest      : Starting AppointmentControllerTest using Java 21.0.9 with PID 11612 (started by Usuario in C:\Users\Usuario\Documents\Projetos\scheduling\scheduling-api)
2026-05-24T15:21:46.183-03:00  INFO 11612 --- [scheduling-api] [           main] c.s.a.a.c.AppointmentControllerTest      : The following 1 profile is active: "dev"
2026-05-24T15:21:48.812-03:00  INFO 11612 --- [scheduling-api] [           main] r$InitializeUserDetailsManagerConfigurer : Global AuthenticationManager configured with UserDetailsService bean with name userDetailsService
2026-05-24T15:21:49.269-03:00  INFO 11612 --- [scheduling-api] [           main] o.s.s.web.DefaultSecurityFilterChain     : Will secure any request with [org.springframework.security.web.session.DisableEncodeUrlFilter@4bf10fe1, org.springframework.security.web.context.request.async.WebAsyncManagerIntegrationFilter@543d2ef3, org.springframework.security.web.context.SecurityContextHolderFilter@4b511e61, org.springframework.security.web.header.HeaderWriterFilter@74badf19, org.springframework.web.filter.CorsFilter@399c408c, org.springframework.security.web.authentication.logout.LogoutFilter@515c732d, com.scheduling.api.auth.filter.JwtAuthFilter@146833a2, org.springframework.security.web.savedrequest.RequestCacheAwareFilter@6c6919ff, org.springframework.security.web.servletapi.SecurityContextHolderAwareRequestFilter@c677d7e, org.springframework.security.web.authentication.AnonymousAuthenticationFilter@99223ac, org.springframework.security.web.session.SessionManagementFilter@6a7aa675, org.springframework.security.web.access.ExceptionTranslationFilter@7e94de5f, org.springframework.security.web.access.intercept.AuthorizationFilter@45cb5307]
2026-05-24T15:21:49.783-03:00  INFO 11612 --- [scheduling-api] [           main] o.s.b.t.m.w.SpringBootMockServletContext : Initializing Spring TestDispatcherServlet ''
2026-05-24T15:21:49.783-03:00  INFO 11612 --- [scheduling-api] [           main] o.s.t.web.servlet.TestDispatcherServlet  : Initializing Servlet ''
2026-05-24T15:21:49.785-03:00  INFO 11612 --- [scheduling-api] [           main] o.s.t.web.servlet.TestDispatcherServlet  : Completed initialization in 2 ms
2026-05-24T15:21:49.821-03:00  INFO 11612 --- [scheduling-api] [           main] c.s.a.a.c.AppointmentControllerTest      : Started AppointmentControllerTest in 4.018 seconds (process running for 5.373)
]]></system-out>
    <system-err><![CDATA[WARNING: A Java agent has been loaded dynamically (C:\Users\Usuario\.m2\repository\net\bytebuddy\byte-buddy-agent\1.14.16\byte-buddy-agent-1.14.16.jar)
WARNING: If a serviceability tool is in use, please run with -XX:+EnableDynamicAgentLoading to hide this warning
WARNING: If a serviceability tool is not in use, please run with -Djdk.instrument.traceUsage for more information
WARNING: Dynamic loading of agents will be disallowed by default in a future release
]]></system-err>
  </testcase>
  <testcase name="createAppointment_asClient_returns200WithPendingResponse" classname="com.scheduling.api.appointment.controller.AppointmentControllerTest" time="0.152"/>
  <testcase name="createPublicAppointment_noAuth_returns200" classname="com.scheduling.api.appointment.controller.AppointmentControllerTest" time="0.039"/>
  <testcase name="pendingByCompany_asAdmin_returns200" classname="com.scheduling.api.appointment.controller.AppointmentControllerTest" time="0.014"/>
  <testcase name="byCompany_asClient_returns403" classname="com.scheduling.api.appointment.controller.AppointmentControllerTest" time="0.021"/>
  <testcase name="confirm_asClient_returns403" classname="com.scheduling.api.appointment.controller.AppointmentControllerTest" time="0.009"/>
  <testcase name="createAppointment_withConflict_returns400" classname="com.scheduling.api.appointment.controller.AppointmentControllerTest" time="0.012"/>
  <testcase name="byCompany_asAdmin_returns200" classname="com.scheduling.api.appointment.controller.AppointmentControllerTest" time="0.026">
    <system-out><![CDATA[2026-05-24T15:21:50.534-03:00  WARN 11612 --- [scheduling-api] [           main] PageModule$PlainPageSerializationWarning : Serializing PageImpl instances as-is is not supported, meaning that there is no guarantee about the stability of the resulting JSON structure!
	For a stable JSON structure, please use Spring Data's PagedModel (globally via @EnableSpringDataWebSupport(pageSerializationMode = VIA_DTO))
	or Spring HATEOAS and Spring Data's PagedResourcesAssembler as documented in https://docs.spring.io/spring-data/commons/reference/repositories/core-extensions.html#core.web.pageables.

]]></system-out>
  </testcase>
  <testcase name="createAppointment_unauthenticated_returns401or403" classname="com.scheduling.api.appointment.controller.AppointmentControllerTest" time="0.008"/>
  <testcase name="findById_existingAppointment_returns200" classname="com.scheduling.api.appointment.controller.AppointmentControllerTest" time="0.009"/>
  <testcase name="complete_asClient_returns403" classname="com.scheduling.api.appointment.controller.AppointmentControllerTest" time="0.008"/>
  <testcase name="complete_asAdmin_returns200" classname="com.scheduling.api.appointment.controller.AppointmentControllerTest" time="0.009"/>
  <testcase name="myAppointments_authenticated_returns200PagedResponse" classname="com.scheduling.api.appointment.controller.AppointmentControllerTest" time="0.008"/>
  <testcase name="reschedule_asAdmin_returns200" classname="com.scheduling.api.appointment.controller.AppointmentControllerTest" time="0.015"/>
  <testcase name="cancel_asAdmin_returns200" classname="com.scheduling.api.appointment.controller.AppointmentControllerTest" time="0.012"/>
</testsuite>